-------------------------------------------------------------------------------
Test set: com.example.arriendos.ArriendosApplicationTests
-------------------------------------------------------------------------------
Tests run: 1, Failures: 0, Errors: 1, Skipped: 0, Time elapsed: 6.75 s <<< FAILURE! - in com.example.arriendos.ArriendosApplicationTests
contextLoads  Time elapsed: 0.013 s  <<< ERROR!
java.lang.IllegalStateException: Failed to load ApplicationContext
Caused by: org.springframework.beans.factory.BeanCurrentlyInCreationException: Error creating bean with name 'springSecurityConfig': Requested bean is currently in creation: Is there an unresolvable circular reference?

